<?xml version="1.0" encoding="UTF-8"?>
<testng-results ignored="0" total="1" passed="1" failed="0" skipped="0">
  <reporter-output>
    <line>
      <![CDATA[Books page is displayed]]>
    </line>
  </reporter-output>
  <suite started-at="2024-06-03T10:18:00 IST" name="Default suite" finished-at="2024-06-03T10:18:26 IST" duration-ms="25956">
    <groups>
    </groups>
    <test started-at="2024-06-03T10:18:00 IST" name="Default test" finished-at="2024-06-03T10:18:26 IST" duration-ms="25956">
      <class name="bookmodule.TC_010_Test">
        <test-method is-config="true" signature="launchBrowser()[pri:0, instance:bookmodule.TC_010_Test@38c6f217]" started-at="2024-06-03T10:18:00 IST" name="launchBrowser" finished-at="2024-06-03T10:18:08 IST" duration-ms="8083" status="PASS">
          <reporter-output>
          </reporter-output>
        </test-method> <!-- launchBrowser -->
        <test-method is-config="true" signature="login()[pri:0, instance:bookmodule.TC_010_Test@38c6f217]" started-at="2024-06-03T10:18:08 IST" name="login" finished-at="2024-06-03T10:18:20 IST" duration-ms="12236" status="PASS">
          <reporter-output>
          </reporter-output>
        </test-method> <!-- login -->
        <test-method signature="ClickOnBooks()[pri:0, instance:bookmodule.TC_010_Test@38c6f217]" started-at="2024-06-03T10:18:20 IST" name="ClickOnBooks" finished-at="2024-06-03T10:18:24 IST" duration-ms="3881" status="PASS">
          <reporter-output>
            <line>
              <![CDATA[Books page is displayed]]>
            </line>
          </reporter-output>
        </test-method> <!-- ClickOnBooks -->
        <test-method is-config="true" signature="logout()[pri:0, instance:bookmodule.TC_010_Test@38c6f217]" started-at="2024-06-03T10:18:24 IST" name="logout" finished-at="2024-06-03T10:18:26 IST" duration-ms="1354" status="PASS">
          <reporter-output>
          </reporter-output>
        </test-method> <!-- logout -->
      </class> <!-- bookmodule.TC_010_Test -->
    </test> <!-- Default test -->
  </suite> <!-- Default suite -->
</testng-results>
